#
# There is insufficient memory for the Java Runtime Environment to continue.
# Native memory allocation (mmap) failed to map 134217728 bytes for Failed to commit area from 0x0000000081400000 to 0x0000000089400000 of length 134217728.
# Possible reasons:
#   The system is out of physical RAM or swap space
#   The process is running with CompressedOops enabled, and the Java Heap may be blocking the growth of the native heap
# Possible solutions:
#   Reduce memory load on the system
#   Increase physical memory or swap space
#   Check if swap backing store is full
#   Decrease Java heap size (-Xmx/-Xms)
#   Decrease number of Java threads
#   Decrease Java thread stack sizes (-Xss)
#   Set larger code cache with -XX:ReservedCodeCacheSize=
# This output file may be truncated or incomplete.
#
#  Out of Memory Error (./src/hotspot/os/windows/os_windows.cpp:3303), pid=12100, tid=17064
#
# JRE version:  (11.0.8+10) (build )
# Java VM: OpenJDK 64-Bit Server VM (11.0.8+10-LTS, mixed mode, sharing, tiered, compressed oops, g1 gc, windows-amd64)
# No core dump will be written. Minidumps are not enabled by default on client versions of Windows
#

---------------  S U M M A R Y ------------

Command Line: -Dmaven.multiModuleProjectDirectory=C:\Users\AC75095028\Documents\sae\commandLineLauncher -Djansi.passthrough=true -Dmaven.home=C:/Users/AC75095028/AppData/Local/JetBrains/IntelliJ IDEA Community Edition 2025.1.2/plugins/maven/lib/maven3 -Dclassworlds.conf=C:\Users\AC75095028\AppData\Local\JetBrains\IntelliJ IDEA Community Edition 2025.1.2\plugins\maven\lib\maven3\bin\m2.conf -Dmaven.ext.class.path=C:\Users\AC75095028\AppData\Local\JetBrains\IntelliJ IDEA Community Edition 2025.1.2\plugins\maven\lib\maven-event-listener.jar -javaagent:C:\Users\AC75095028\AppData\Local\JetBrains\IntelliJ IDEA Community Edition 2025.1.2\lib\idea_rt.jar=62232 -Dfile.encoding=UTF-8 org.codehaus.classworlds.Launcher -Didea.version=2025.1.2 clean install

Host: Intel Xeon Processor (Icelake), 4 cores, 7G,  Windows 10 , 64 bit Build 22621 (10.0.22621.5124)
Time: Wed Jun 11 18:27:48 2025 Paris, Madrid (heure d’été) elapsed time: 0 seconds (0d 0h 0m 0s)

---------------  T H R E A D  ---------------

Current thread (0x000001fc60403000):  JavaThread "Unknown thread" [_thread_in_vm, id=17064, stack(0x0000004bb5e00000,0x0000004bb5f00000)]

Stack: [0x0000004bb5e00000,0x0000004bb5f00000]
Native frames: (J=compiled Java code, j=interpreted, Vv=VM code, C=native code)
V  [jvm.dll+0x5e46ea]
V  [jvm.dll+0x76a9be]
V  [jvm.dll+0x76c08f]
V  [jvm.dll+0x76c753]
V  [jvm.dll+0x243018]
V  [jvm.dll+0x5e195a]
V  [jvm.dll+0x5d65c5]
V  [jvm.dll+0x2f915c]
V  [jvm.dll+0x2f8fe2]
V  [jvm.dll+0x2fdc96]
V  [jvm.dll+0x341def]
V  [jvm.dll+0x341820]
V  [jvm.dll+0x2d64a8]
V  [jvm.dll+0x2d75f6]
V  [jvm.dll+0x746537]
V  [jvm.dll+0x747cbf]
V  [jvm.dll+0x34eb69]
V  [jvm.dll+0x729940]
V  [jvm.dll+0x3b615f]
V  [jvm.dll+0x3b8601]
C  [jli.dll+0x2f13]
C  [ucrtbase.dll+0x29333]
C  [KERNEL32.DLL+0x1259d]
C  [ntdll.dll+0x5af38]


---------------  P R O C E S S  ---------------

Threads class SMR info:
_java_thread_list=0x000001fc5e188f90, length=0, elements={
}

Java Threads: ( => current thread )

Other Threads:
  0x000001fc60419800 GCTaskThread "GC Thread#0" [stack: 0x0000004bb5f00000,0x0000004bb6000000] [id=1044]
  0x000001fc6044c000 ConcurrentGCThread "G1 Main Marker" [stack: 0x0000004bb6000000,0x0000004bb6100000] [id=11524]
  0x000001fc6044e800 ConcurrentGCThread "G1 Conc#0" [stack: 0x0000004bb6100000,0x0000004bb6200000] [id=14980]

[error occurred during error reporting (printing all threads), id 0xc0000005, EXCEPTION_ACCESS_VIOLATION (0xc0000005) at pc=0x00007ffc7e0a5af7]

VM state:not at safepoint (not fully initialized)

VM Mutex/Monitor currently owned by a thread:  ([mutex/lock_event])
[0x000001fc604002a0] Heap_lock - owner thread: 0x000001fc60403000

Heap address: 0x0000000081400000, size: 2028 MB, Compressed Oops mode: Non-zero based: 0x0000000081400000
Narrow klass base: 0x0000000000000000, Narrow klass shift: 0

GC Heap History (0 events):
No events

Deoptimization events (0 events):
No events

Classes redefined (0 events):
No events

Internal exceptions (0 events):
No events

Events (1 events):
Event: 0.095 Loaded shared library C:\Users\AC75095028\.jdks\java-11\bin\zip.dll


Dynamic libraries:
0x00007ff783d00000 - 0x00007ff783d62000 	C:\Users\AC75095028\.jdks\java-11\bin\java.exe
0x00007ffd1eab0000 - 0x00007ffd1ecc7000 	C:\WINDOWS\SYSTEM32\ntdll.dll
0x00007ffd1d260000 - 0x00007ffd1d324000 	C:\WINDOWS\System32\KERNEL32.DLL
0x00007ffd1bfe0000 - 0x00007ffd1c3b3000 	C:\WINDOWS\System32\KERNELBASE.dll
0x00007ffd17580000 - 0x00007ffd17617000 	C:\WINDOWS\SYSTEM32\apphelp.dll
0x00007ffd1c440000 - 0x00007ffd1c551000 	C:\WINDOWS\System32\ucrtbase.dll
0x00007ffcfb0b0000 - 0x00007ffcfb0c8000 	C:\Users\AC75095028\.jdks\java-11\bin\jli.dll
0x00007ffcf41e0000 - 0x00007ffcf41f5000 	C:\Users\AC75095028\.jdks\java-11\bin\VCRUNTIME140.dll
0x00007ffd1c750000 - 0x00007ffd1c901000 	C:\WINDOWS\System32\USER32.dll
0x00007ffd1bd30000 - 0x00007ffd1bd56000 	C:\WINDOWS\System32\win32u.dll
0x00007ffd1e6f0000 - 0x00007ffd1e719000 	C:\WINDOWS\System32\GDI32.dll
0x00007ffd1bd60000 - 0x00007ffd1be7b000 	C:\WINDOWS\System32\gdi32full.dll
0x00007ffd1be80000 - 0x00007ffd1bf1a000 	C:\WINDOWS\System32\msvcp_win.dll
0x00007ffd01090000 - 0x00007ffd01328000 	C:\WINDOWS\WinSxS\amd64_microsoft.windows.common-controls_6595b64144ccf1df_6.0.22621.5124_none_270e8f4f7386d69d\COMCTL32.dll
0x00007ffd1cdd0000 - 0x00007ffd1ce77000 	C:\WINDOWS\System32\msvcrt.dll
0x00007ffd1def0000 - 0x00007ffd1df21000 	C:\WINDOWS\System32\IMM32.DLL
0x00007ffd1b890000 - 0x00007ffd1b8ca000 	C:\Program Files\Citrix\HDX\bin\MfApHook.dll
0x00007ffd1b7d0000 - 0x00007ffd1b7e0000 	C:\Program Files\Citrix\HDX\bin\FullScreenHook.dll
0x00007ffd1d330000 - 0x00007ffd1d3e1000 	C:\WINDOWS\System32\ADVAPI32.dll
0x00007ffd1c980000 - 0x00007ffd1ca28000 	C:\WINDOWS\System32\sechost.dll
0x00007ffd1c560000 - 0x00007ffd1c588000 	C:\WINDOWS\System32\bcrypt.dll
0x00007ffd1cea0000 - 0x00007ffd1cfb4000 	C:\WINDOWS\System32\RPCRT4.dll
0x00007ffcd6dc0000 - 0x00007ffcd6e5b000 	C:\Users\AC75095028\.jdks\java-11\bin\MSVCP140.dll
0x00007ffd00bf0000 - 0x00007ffd00bfc000 	C:\WINDOWS\SYSTEM32\VCRUNTIME140_1.dll
0x00007ffd1b530000 - 0x00007ffd1b55d000 	C:\Program Files\Citrix\HDX\bin\ShellHook.dll
0x00007ffd1d1f0000 - 0x00007ffd1d253000 	C:\WINDOWS\System32\SHLWAPI.dll
0x00007ffd1b400000 - 0x00007ffd1b529000 	C:\Program Files\Citrix\HDX\bin\SCardHook.dll
0x00007ffd1b2a0000 - 0x00007ffd1b2bf000 	C:\Program Files\Citrix\HDX\bin\CxInjIme.dll
0x00007ffd1b270000 - 0x00007ffd1b298000 	C:\Program Files\Citrix\HDX\bin\PicaWtsHook.dll
0x00007ffc7ddc0000 - 0x00007ffc7e8f0000 	C:\Users\AC75095028\.jdks\java-11\bin\server\jvm.dll
0x00007ffd1ce90000 - 0x00007ffd1ce98000 	C:\WINDOWS\System32\PSAPI.DLL
0x00007ffd1b580000 - 0x00007ffd1b58a000 	C:\WINDOWS\SYSTEM32\VERSION.dll
0x00007ffd0f0d0000 - 0x00007ffd0f0d9000 	C:\WINDOWS\SYSTEM32\WSOCK32.dll
0x00007ffd1e040000 - 0x00007ffd1e0b1000 	C:\WINDOWS\System32\WS2_32.dll
0x00007ffd14c90000 - 0x00007ffd14cc4000 	C:\WINDOWS\SYSTEM32\WINMM.dll
0x00007ffd1a610000 - 0x00007ffd1a628000 	C:\WINDOWS\SYSTEM32\kernel.appcore.dll
0x00007ffd09a70000 - 0x00007ffd09a80000 	C:\Users\AC75095028\.jdks\java-11\bin\verify.dll
0x00007ffd18be0000 - 0x00007ffd18e12000 	C:\WINDOWS\SYSTEM32\DBGHELP.DLL
0x00007ffd1ca30000 - 0x00007ffd1cdc2000 	C:\WINDOWS\System32\combase.dll
0x00007ffd1e610000 - 0x00007ffd1e6e7000 	C:\WINDOWS\System32\OLEAUT32.dll
0x00007ffd15290000 - 0x00007ffd152c2000 	C:\WINDOWS\SYSTEM32\dbgcore.DLL
0x00007ffd1c3c0000 - 0x00007ffd1c43b000 	C:\WINDOWS\System32\bcryptPrimitives.dll
0x00007ffcf15b0000 - 0x00007ffcf15d8000 	C:\Users\AC75095028\.jdks\java-11\bin\java.dll
0x00007ffcfb070000 - 0x00007ffcfb07a000 	C:\Users\AC75095028\.jdks\java-11\bin\jimage.dll
0x00007ffcf7450000 - 0x00007ffcf745e000 	C:\Users\AC75095028\.jdks\java-11\bin\instrument.dll
0x00007ffce2c70000 - 0x00007ffce2c87000 	C:\Users\AC75095028\.jdks\java-11\bin\zip.dll

dbghelp: loaded successfully - version: 4.0.5 - missing functions: none
symbol engine: initialized successfully - sym options: 0x614 - pdb path: .;C:\Users\AC75095028\.jdks\java-11\bin;C:\WINDOWS\SYSTEM32;C:\WINDOWS\WinSxS\amd64_microsoft.windows.common-controls_6595b64144ccf1df_6.0.22621.5124_none_270e8f4f7386d69d;C:\Program Files\Citrix\HDX\bin;C:\Users\AC75095028\.jdks\java-11\bin\server

VM Arguments:
jvm_args: -Dmaven.multiModuleProjectDirectory=C:\Users\AC75095028\Documents\sae\commandLineLauncher -Djansi.passthrough=true -Dmaven.home=C:/Users/AC75095028/AppData/Local/JetBrains/IntelliJ IDEA Community Edition 2025.1.2/plugins/maven/lib/maven3 -Dclassworlds.conf=C:\Users\AC75095028\AppData\Local\JetBrains\IntelliJ IDEA Community Edition 2025.1.2\plugins\maven\lib\maven3\bin\m2.conf -Dmaven.ext.class.path=C:\Users\AC75095028\AppData\Local\JetBrains\IntelliJ IDEA Community Edition 2025.1.2\plugins\maven\lib\maven-event-listener.jar -javaagent:C:\Users\AC75095028\AppData\Local\JetBrains\IntelliJ IDEA Community Edition 2025.1.2\lib\idea_rt.jar=62232 -Dfile.encoding=UTF-8 
java_command: org.codehaus.classworlds.Launcher -Didea.version=2025.1.2 clean install
java_class_path (initial): C:\Users\AC75095028\AppData\Local\JetBrains\IntelliJ IDEA Community Edition 2025.1.2\plugins\maven\lib\maven3\boot\plexus-classworlds-2.8.0.jar;C:\Users\AC75095028\AppData\Local\JetBrains\IntelliJ IDEA Community Edition 2025.1.2\plugins\maven\lib\maven3\boot\plexus-classworlds.license
Launcher Type: SUN_STANDARD

[Global flags]
     intx CICompilerCount                          = 3                                         {product} {ergonomic}
     uint ConcGCThreads                            = 1                                         {product} {ergonomic}
     uint G1ConcRefinementThreads                  = 4                                         {product} {ergonomic}
   size_t G1HeapRegionSize                         = 1048576                                   {product} {ergonomic}
    uintx GCDrainStackTargetSize                   = 64                                        {product} {ergonomic}
   size_t InitialHeapSize                          = 134217728                                 {product} {ergonomic}
   size_t MarkStackSize                            = 4194304                                   {product} {ergonomic}
   size_t MaxHeapSize                              = 2126512128                                {product} {ergonomic}
   size_t MinHeapDeltaBytes                        = 1048576                                   {product} {ergonomic}
    uintx NonNMethodCodeHeapSize                   = 5830732                                {pd product} {ergonomic}
    uintx NonProfiledCodeHeapSize                  = 122913754                              {pd product} {ergonomic}
    uintx ProfiledCodeHeapSize                     = 122913754                              {pd product} {ergonomic}
    uintx ReservedCodeCacheSize                    = 251658240                              {pd product} {ergonomic}
     bool SegmentedCodeCache                       = true                                      {product} {ergonomic}
     bool UseCompressedClassPointers               = true                                 {lp64_product} {ergonomic}
     bool UseCompressedOops                        = true                                 {lp64_product} {ergonomic}
     bool UseG1GC                                  = true                                      {product} {ergonomic}
     bool UseLargePagesIndividualAllocation        = false                                  {pd product} {ergonomic}

Logging:
Log output configuration:
 #0: stdout all=warning uptime,level,tags
 #1: stderr all=off uptime,level,tags

Environment Variables:
JAVA_HOME=C:\Users\AC75095028\.jdks\java-11
PATH=C:\windows\system32;C:\windows;C:\windows\System32\Wbem;C:\windows\System32\WindowsPowerShell\v1.0\;C:\windows\System32\OpenSSH\;C:\WINDOWS\system32;C:\WINDOWS;C:\WINDOWS\System32\Wbem;C:\WINDOWS\System32\WindowsPowerShell\v1.0\;C:\WINDOWS\System32\OpenSSH\;C:\Program Files (x86)\Citrix\HDX\bin\;C:\Program Files\Citrix\HDX\bin\;C:\Program Files (x86)\Citrix\Workspace Environment Management Agent;C:\Program Files\PuTTY\;C:\Program Files\TortoiseSVN\bin;C:\Program Files\dotnet\;C:\Users\AC75095028\.jdks\java-11\bin;C:\Users\AC75095028\AppData\Local\Microsoft\WindowsApps;C:\Users\AC75095028\AppData\Local\Programs\Git\cmd
USERNAME=AC75095028
OS=Windows_NT
PROCESSOR_IDENTIFIER=Intel64 Family 6 Model 106 Stepping 0, GenuineIntel



---------------  S Y S T E M  ---------------

OS: Windows 10 , 64 bit Build 22621 (10.0.22621.5124)
OS uptime: 14 days 3:58 hours
KVM virtualization detected

CPU:total 4 (initial active 4) (2 cores per cpu, 1 threads per core) family 6 model 106 stepping 0, cmov, cx8, fxsr, mmx, sse, sse2, sse3, ssse3, sse4.1, sse4.2, popcnt, avx, avx2, aes, clmul, erms, 3dnowpref, lzcnt, tsc, bmi1, bmi2, adx, evex, sha, fma

Memory: 4k page, system-wide physical 8108M (810M free)
TotalPageFile size 18094M (AvailPageFile size 99M)
current process WorkingSet (physical memory assigned to process): 13M, peak: 13M
current process commit charge ("private bytes"): 52M, peak: 180M

vm_info: OpenJDK 64-Bit Server VM (11.0.8+10-LTS) for windows-amd64 JRE (11.0.8+10-LTS), built on Jul 12 2020 15:20:55 by "" with MS VC++ 15.9 (VS2017)

END.
